2025-06-25T09:14:22.745+09:00  INFO 4816 --- [ListenIt] [restartedMain] com.boot.ListenItApplication             : Starting ListenItApplication using Java 17.0.14 with PID 4816 (C:\develop\work_springboot\ListenIt\bin\main started by user in C:\develop\work_springboot\ListenIt)
2025-06-25T09:14:22.749+09:00 DEBUG 4816 --- [ListenIt] [restartedMain] com.boot.ListenItApplication             : Running with Spring Boot v3.2.5, Spring v6.1.6
2025-06-25T09:14:22.751+09:00  INFO 4816 --- [ListenIt] [restartedMain] com.boot.ListenItApplication             : No active profile set, falling back to 1 default profile: "default"
2025-06-25T09:14:22.786+09:00  INFO 4816 --- [ListenIt] [restartedMain] .e.DevToolsPropertyDefaultsPostProcessor : Devtools property defaults active! Set 'spring.devtools.add-properties' to 'false' to disable
2025-06-25T09:14:22.786+09:00  INFO 4816 --- [ListenIt] [restartedMain] .e.DevToolsPropertyDefaultsPostProcessor : For additional web related logging consider setting the 'logging.level.web' property to 'DEBUG'
2025-06-25T09:14:23.283+09:00  INFO 4816 --- [ListenIt] [restartedMain] .s.d.r.c.RepositoryConfigurationDelegate : Bootstrapping Spring Data JPA repositories in DEFAULT mode.
2025-06-25T09:14:23.342+09:00  INFO 4816 --- [ListenIt] [restartedMain] .s.d.r.c.RepositoryConfigurationDelegate : Finished Spring Data repository scanning in 53 ms. Found 10 JPA repository interfaces.
2025-06-25T09:14:23.768+09:00  INFO 4816 --- [ListenIt] [restartedMain] o.s.b.w.embedded.tomcat.TomcatWebServer  : Tomcat initialized with port 8485 (http)
2025-06-25T09:14:23.780+09:00  INFO 4816 --- [ListenIt] [restartedMain] o.apache.catalina.core.StandardService   : Starting service [Tomcat]
2025-06-25T09:14:23.780+09:00  INFO 4816 --- [ListenIt] [restartedMain] o.apache.catalina.core.StandardEngine    : Starting Servlet engine: [Apache Tomcat/10.1.20]
2025-06-25T09:14:23.822+09:00  INFO 4816 --- [ListenIt] [restartedMain] o.a.c.c.C.[Tomcat].[localhost].[/]       : Initializing Spring embedded WebApplicationContext
2025-06-25T09:14:23.823+09:00  INFO 4816 --- [ListenIt] [restartedMain] w.s.c.ServletWebServerApplicationContext : Root WebApplicationContext: initialization completed in 1036 ms
2025-06-25T09:14:23.930+09:00  INFO 4816 --- [ListenIt] [restartedMain] o.hibernate.jpa.internal.util.LogHelper  : HHH000204: Processing PersistenceUnitInfo [name: default]
2025-06-25T09:14:23.981+09:00  INFO 4816 --- [ListenIt] [restartedMain] org.hibernate.Version                    : HHH000412: Hibernate ORM core version 6.4.4.Final
2025-06-25T09:14:24.010+09:00  INFO 4816 --- [ListenIt] [restartedMain] o.h.c.internal.RegionFactoryInitiator    : HHH000026: Second-level cache disabled
2025-06-25T09:14:24.219+09:00  INFO 4816 --- [ListenIt] [restartedMain] o.s.o.j.p.SpringPersistenceUnitInfo      : No LoadTimeWeaver setup: ignoring JPA class transformer
2025-06-25T09:14:24.240+09:00  INFO 4816 --- [ListenIt] [restartedMain] com.zaxxer.hikari.HikariDataSource       : HikariPool-1 - Starting...
2025-06-25T09:14:24.507+09:00  INFO 4816 --- [ListenIt] [restartedMain] com.zaxxer.hikari.pool.HikariPool        : HikariPool-1 - Added connection com.mysql.cj.jdbc.ConnectionImpl@575940de
2025-06-25T09:14:24.509+09:00  INFO 4816 --- [ListenIt] [restartedMain] com.zaxxer.hikari.HikariDataSource       : HikariPool-1 - Start completed.
2025-06-25T09:14:25.385+09:00  INFO 4816 --- [ListenIt] [restartedMain] o.h.e.t.j.p.i.JtaPlatformInitiator       : HHH000489: No JTA platform available (set 'hibernate.transaction.jta.platform' to enable JTA platform integration)
2025-06-25T09:14:25.480+09:00  INFO 4816 --- [ListenIt] [restartedMain] j.LocalContainerEntityManagerFactoryBean : Initialized JPA EntityManagerFactory for persistence unit 'default'
2025-06-25T09:14:25.935+09:00 DEBUG 4816 --- [ListenIt] [restartedMain] com.boot.jwt.JwtAuthenticationFilter     : Filter 'jwtAuthenticationFilter' configured for use
2025-06-25T09:14:25.936+09:00 DEBUG 4816 --- [ListenIt] [restartedMain] JsonUsernamePasswordAuthenticationFilter : Filter 'jsonUsernamePasswordAuthenticationFilter' configured for use
2025-06-25T09:14:25.983+09:00  INFO 4816 --- [ListenIt] [restartedMain] com.boot.service.FileStorageService      : FileStorageService 초기화. 파일 저장 기본 경로 (절대 경로): C:\develop\work_springboot\ListenIt\uploads
2025-06-25T09:14:25.999+09:00  INFO 4816 --- [ListenIt] [restartedMain] o.s.d.j.r.query.QueryEnhancerFactory     : Hibernate is in classpath; If applicable, HQL parser will be used.
2025-06-25T09:14:26.391+09:00  WARN 4816 --- [ListenIt] [restartedMain] JpaBaseConfiguration$JpaWebConfiguration : spring.jpa.open-in-view is enabled by default. Therefore, database queries may be performed during view rendering. Explicitly configure spring.jpa.open-in-view to disable this warning
2025-06-25T09:14:26.445+09:00  INFO 4816 --- [ListenIt] [restartedMain] o.s.b.a.w.s.WelcomePageHandlerMapping    : Adding welcome page: class path resource [static/index.html]
2025-06-25T09:14:26.582+09:00  INFO 4816 --- [ListenIt] [restartedMain] o.s.s.web.DefaultSecurityFilterChain     : Will secure any request with [org.springframework.security.web.session.DisableEncodeUrlFilter@5b76e07a, org.springframework.security.web.context.request.async.WebAsyncManagerIntegrationFilter@aee7cc, org.springframework.security.web.context.SecurityContextHolderFilter@57993b1e, org.springframework.security.web.header.HeaderWriterFilter@26218b77, org.springframework.web.filter.CorsFilter@1c64764a, org.springframework.security.web.authentication.logout.LogoutFilter@4c9bf562, org.springframework.security.oauth2.client.web.OAuth2AuthorizationRequestRedirectFilter@19a83ae1, org.springframework.security.oauth2.client.web.OAuth2LoginAuthenticationFilter@7f6c6754, com.boot.jwt.JwtAuthenticationFilter@6907322d, com.boot.security.JsonUsernamePasswordAuthenticationFilter@5f4e2935, org.springframework.security.web.servletapi.SecurityContextHolderAwareRequestFilter@655044dc, org.springframework.security.web.authentication.AnonymousAuthenticationFilter@627a60c9, org.springframework.security.web.session.SessionManagementFilter@45cee6af, org.springframework.security.web.access.ExceptionTranslationFilter@44217ff9, org.springframework.security.web.access.intercept.AuthorizationFilter@79f0f418]
2025-06-25T09:14:26.804+09:00  INFO 4816 --- [ListenIt] [restartedMain] o.s.b.d.a.OptionalLiveReloadServer       : LiveReload server is running on port 35729
2025-06-25T09:14:26.841+09:00  INFO 4816 --- [ListenIt] [restartedMain] o.s.b.w.embedded.tomcat.TomcatWebServer  : Tomcat started on port 8485 (http) with context path ''
2025-06-25T09:14:26.846+09:00  INFO 4816 --- [ListenIt] [restartedMain] com.boot.ListenItApplication             : Started ListenItApplication in 4.328 seconds (process running for 4.701)
2025-06-25T09:14:31.107+09:00  INFO 4816 --- [ListenIt] [http-nio-8485-exec-1] o.a.c.c.C.[Tomcat].[localhost].[/]       : Initializing Spring DispatcherServlet 'dispatcherServlet'
2025-06-25T09:14:31.108+09:00  INFO 4816 --- [ListenIt] [http-nio-8485-exec-1] o.s.web.servlet.DispatcherServlet        : Initializing Servlet 'dispatcherServlet'
2025-06-25T09:14:31.109+09:00  INFO 4816 --- [ListenIt] [http-nio-8485-exec-1] o.s.web.servlet.DispatcherServlet        : Completed initialization in 1 ms
2025-06-25T09:14:31.136+09:00 DEBUG 4816 --- [ListenIt] [http-nio-8485-exec-2] com.boot.jwt.JwtAuthenticationFilter     : 🔍 [JwtAuthenticationFilter] shouldNotFilter 체크 URI: /api/login (메서드: POST)
2025-06-25T09:14:31.136+09:00 DEBUG 4816 --- [ListenIt] [http-nio-8485-exec-2] com.boot.jwt.JwtAuthenticationFilter     : 🚫 [JwtAuthenticationFilter] 제외 대상 URI 발견: /api/login (접두사: /)
2025-06-25T09:14:31.160+09:00  INFO 4816 --- [ListenIt] [http-nio-8485-exec-2] JsonUsernamePasswordAuthenticationFilter : 🔍 [JsonUsernamePasswordAuthenticationFilter] Parsed username from JSON: tjdgns5508
2025-06-25T09:14:31.228+09:00 DEBUG 4816 --- [ListenIt] [http-nio-8485-exec-2] c.b.security.CustomUserDetailsService    : 🔍 [CustomUserDetailsService] 사용자 'tjdgns5508' 로드 시작
2025-06-25T09:14:31.311+09:00 DEBUG 4816 --- [ListenIt] [http-nio-8485-exec-2] c.b.security.CustomUserDetailsService    : ✅ [CustomUserDetailsService] 사용자 'tjdgns5508' 데이터베이스에서 조회 완료. ID: 28
2025-06-25T09:14:31.311+09:00  INFO 4816 --- [ListenIt] [http-nio-8485-exec-2] c.b.security.CustomUserDetailsService    : ✅ [CustomUserDetailsService] 사용자 'tjdgns5508'에 대한 UserDetails 로드 완료. (권한은 User 엔티티의 getAuthorities()에서 제공)
2025-06-25T09:14:31.373+09:00 DEBUG 4816 --- [ListenIt] [http-nio-8485-exec-2] JsonUsernamePasswordAuthenticationFilter : Set SecurityContextHolder to UsernamePasswordAuthenticationToken [Principal=com.boot.domain.User@47afc3ba, Credentials=[PROTECTED], Authenticated=true, Details=WebAuthenticationDetails [RemoteIpAddress=0:0:0:0:0:0:0:1, SessionId=null], Granted Authorities=[ROLE_ADMIN]]
2025-06-25T09:14:31.374+09:00  INFO 4816 --- [ListenIt] [http-nio-8485-exec-2] c.boot.oauth2.CustomFormSuccessHandler   : 🔥 [CustomFormSuccessHandler] onAuthenticationSuccess 진입 (일반 폼 로그인)
2025-06-25T09:14:31.374+09:00  INFO 4816 --- [ListenIt] [http-nio-8485-exec-2] c.boot.oauth2.CustomFormSuccessHandler   : 🔑 일반 로그인 사용자 ID/Email: tjdgns5508
2025-06-25T09:14:31.374+09:00  INFO 4816 --- [ListenIt] [http-nio-8485-exec-2] c.boot.oauth2.CustomFormSuccessHandler   : ℹ️ [CustomFormSuccessHandler] 현재 Authentication 객체의 권한: ROLE_ADMIN
2025-06-25T09:14:31.374+09:00  INFO 4816 --- [ListenIt] [http-nio-8485-exec-2] c.boot.oauth2.CustomFormSuccessHandler   : ℹ️ [CustomFormSuccessHandler] SecurityContextHolder의 사용자: tjdgns5508
2025-06-25T09:14:31.375+09:00  INFO 4816 --- [ListenIt] [http-nio-8485-exec-2] c.boot.oauth2.CustomFormSuccessHandler   : ℹ️ [CustomFormSuccessHandler] SecurityContextHolder의 권한: ROLE_ADMIN
2025-06-25T09:14:31.378+09:00  INFO 4816 --- [ListenIt] [http-nio-8485-exec-2] c.boot.oauth2.CustomFormSuccessHandler   : ✅ 일반 로그인 사용자 정보 조회 완료: tjdgns5508
2025-06-25T09:14:31.392+09:00  INFO 4816 --- [ListenIt] [http-nio-8485-exec-2] c.boot.oauth2.CustomFormSuccessHandler   : ✅ 계정 잠금 상태 및 실패 횟수 초기화 완료: tjdgns5508
2025-06-25T09:14:31.392+09:00  INFO 4816 --- [ListenIt] [http-nio-8485-exec-2] com.boot.jwt.JwtTokenProvider            : [JwtTokenProvider] Access Token Subject 설정 (Username from UserDetails): tjdgns5508
2025-06-25T09:14:31.421+09:00  INFO 4816 --- [ListenIt] [http-nio-8485-exec-2] c.boot.oauth2.CustomFormSuccessHandler   : 🔑 Access Token 생성 완료: eyJhbGciOiJIUzI1NiJ9.eyJzdWIiOiJ0amRnbnM1NTA4IiwiYXV0aCI6IlJPTEVfQURNSU4iLCJpYXQiOjE3NTA4MTA0NzEsImV4cCI6MTc1MDg0NjQ3MX0._hR36PLICikagDsPX6qdFEwgf2SttCs-5fOICQ_wezk
2025-06-25T09:14:31.421+09:00  INFO 4816 --- [ListenIt] [http-nio-8485-exec-2] com.boot.jwt.JwtTokenProvider            : [JwtTokenProvider] Refresh Token Subject 설정 (Username from UserDetails): tjdgns5508
2025-06-25T09:14:31.422+09:00  INFO 4816 --- [ListenIt] [http-nio-8485-exec-2] c.boot.oauth2.CustomFormSuccessHandler   : 🔑 Refresh Token 생성 완료: eyJhbGciOiJIUzI1NiJ9.eyJzdWIiOiJ0amRnbnM1NTA4IiwiaWF0IjoxNzUwODEwNDcxLCJleHAiOjE3NTIwMjAwNzF9.ZfaU30pcuQs31afPHzZler_sqtPrSQsIVOM6Q-tuAzk
2025-06-25T09:14:31.423+09:00  INFO 4816 --- [ListenIt] [http-nio-8485-exec-2] c.boot.oauth2.CustomFormSuccessHandler   : ✅ Access Token을 HttpOnly 쿠키 'jwt_token'으로 추가 완료
2025-06-25T09:14:31.424+09:00  INFO 4816 --- [ListenIt] [http-nio-8485-exec-2] c.boot.oauth2.CustomFormSuccessHandler   : ✅ Refresh Token을 HttpOnly 쿠키 'refresh_token'으로 추가 완료
2025-06-25T09:14:31.447+09:00  INFO 4816 --- [ListenIt] [http-nio-8485-exec-2] c.boot.service.UserActivityLogService    : User activity logged: userId=28, type=LOGIN, details=User tjdgns5508 logged in successfully.
2025-06-25T09:14:31.448+09:00  INFO 4816 --- [ListenIt] [http-nio-8485-exec-2] c.boot.oauth2.CustomFormSuccessHandler   : ✅ 사용자 활동 로그 저장 완료: UserID=28, Type=LOGIN
2025-06-25T09:14:31.459+09:00  INFO 4816 --- [ListenIt] [http-nio-8485-exec-2] c.boot.oauth2.CustomFormSuccessHandler   : ✅ JSON 응답으로 로그인 성공 정보 전달 완료
2025-06-25T09:14:31.486+09:00 DEBUG 4816 --- [ListenIt] [http-nio-8485-exec-3] com.boot.jwt.JwtAuthenticationFilter     : 🔍 [JwtAuthenticationFilter] shouldNotFilter 체크 URI: /api/music (메서드: GET)
2025-06-25T09:14:31.486+09:00 DEBUG 4816 --- [ListenIt] [http-nio-8485-exec-3] com.boot.jwt.JwtAuthenticationFilter     : 🚫 [JwtAuthenticationFilter] 공개 GET API 요청 - 필터 제외: /api/music
2025-06-25T09:14:31.490+09:00 DEBUG 4816 --- [ListenIt] [http-nio-8485-exec-3] com.boot.jwt.JwtAuthenticationFilter     : 🔍 [JwtAuthenticationFilter] shouldNotFilter 체크 URI: /api/music (메서드: GET)
2025-06-25T09:14:31.491+09:00 DEBUG 4816 --- [ListenIt] [http-nio-8485-exec-3] com.boot.jwt.JwtAuthenticationFilter     : 🚫 [JwtAuthenticationFilter] 공개 GET API 요청 - 필터 제외: /api/music
2025-06-25T09:14:31.510+09:00  INFO 4816 --- [ListenIt] [http-nio-8485-exec-3] com.boot.service.MusicService            : MusicService - getAllMusic 호출 (페이지네이션)
2025-06-25T09:14:31.522+09:00  INFO 4816 --- [ListenIt] [http-nio-8485-exec-3] com.boot.service.FileStorageService      : 가사 파일 읽기 요청: fullFilePath=C:/develop/work_springboot/ListenIt/uploads/lyrics/9fe49e1f-a480-4ccc-b0e8-67a850ea6446.txt
2025-06-25T09:14:31.523+09:00  WARN 4816 --- [ListenIt] [http-nio-8485-exec-3] com.boot.service.FileStorageService      : 가사 파일을 찾을 수 없거나 읽을 수 없습니다: C:/develop/work_springboot/ListenIt/uploads/lyrics/9fe49e1f-a480-4ccc-b0e8-67a850ea6446.txt
2025-06-25T09:14:31.526+09:00  WARN 4816 --- [ListenIt] [http-nio-8485-exec-3] .w.s.m.a.ResponseStatusExceptionResolver : Resolved [com.boot.exception.MyFileNotFoundException: 가사 파일을 찾을 수 없거나 읽을 수 없습니다. C:/develop/work_springboot/ListenIt/uploads/lyrics/9fe49e1f-a480-4ccc-b0e8-67a850ea6446.txt]
2025-06-25T09:14:31.534+09:00 DEBUG 4816 --- [ListenIt] [http-nio-8485-exec-4] com.boot.jwt.JwtAuthenticationFilter     : 🔍 [JwtAuthenticationFilter] shouldNotFilter 체크 URI: /api/music (메서드: GET)
2025-06-25T09:14:31.534+09:00 DEBUG 4816 --- [ListenIt] [http-nio-8485-exec-4] com.boot.jwt.JwtAuthenticationFilter     : 🚫 [JwtAuthenticationFilter] 공개 GET API 요청 - 필터 제외: /api/music
2025-06-25T09:14:31.535+09:00 DEBUG 4816 --- [ListenIt] [http-nio-8485-exec-4] com.boot.jwt.JwtAuthenticationFilter     : 🔍 [JwtAuthenticationFilter] shouldNotFilter 체크 URI: /api/music (메서드: GET)
2025-06-25T09:14:31.535+09:00 DEBUG 4816 --- [ListenIt] [http-nio-8485-exec-4] com.boot.jwt.JwtAuthenticationFilter     : 🚫 [JwtAuthenticationFilter] 공개 GET API 요청 - 필터 제외: /api/music
2025-06-25T09:14:31.535+09:00 DEBUG 4816 --- [ListenIt] [http-nio-8485-exec-5] com.boot.jwt.JwtAuthenticationFilter     : 🔍 [JwtAuthenticationFilter] shouldNotFilter 체크 URI: /custom_login (메서드: GET)
2025-06-25T09:14:31.535+09:00 DEBUG 4816 --- [ListenIt] [http-nio-8485-exec-5] com.boot.jwt.JwtAuthenticationFilter     : 🚫 [JwtAuthenticationFilter] 제외 대상 URI 발견: /custom_login (접두사: /)
2025-06-25T09:14:31.535+09:00 DEBUG 4816 --- [ListenIt] [http-nio-8485-exec-5] com.boot.jwt.JwtAuthenticationFilter     : 🔍 [JwtAuthenticationFilter] shouldNotFilter 체크 URI: /custom_login (메서드: GET)
2025-06-25T09:14:31.535+09:00 DEBUG 4816 --- [ListenIt] [http-nio-8485-exec-5] com.boot.jwt.JwtAuthenticationFilter     : 🚫 [JwtAuthenticationFilter] 제외 대상 URI 발견: /custom_login (접두사: /)
2025-06-25T09:14:31.536+09:00  INFO 4816 --- [ListenIt] [http-nio-8485-exec-4] com.boot.service.MusicService            : MusicService - getAllMusic 호출 (페이지네이션)
2025-06-25T09:14:31.539+09:00  INFO 4816 --- [ListenIt] [http-nio-8485-exec-4] com.boot.service.FileStorageService      : 가사 파일 읽기 요청: fullFilePath=C:/develop/work_springboot/ListenIt/uploads/lyrics/9fe49e1f-a480-4ccc-b0e8-67a850ea6446.txt
2025-06-25T09:14:31.539+09:00  WARN 4816 --- [ListenIt] [http-nio-8485-exec-4] com.boot.service.FileStorageService      : 가사 파일을 찾을 수 없거나 읽을 수 없습니다: C:/develop/work_springboot/ListenIt/uploads/lyrics/9fe49e1f-a480-4ccc-b0e8-67a850ea6446.txt
2025-06-25T09:14:31.540+09:00  WARN 4816 --- [ListenIt] [http-nio-8485-exec-4] .w.s.m.a.ResponseStatusExceptionResolver : Resolved [com.boot.exception.MyFileNotFoundException: 가사 파일을 찾을 수 없거나 읽을 수 없습니다. C:/develop/work_springboot/ListenIt/uploads/lyrics/9fe49e1f-a480-4ccc-b0e8-67a850ea6446.txt]
2025-06-25T09:14:31.720+09:00 DEBUG 4816 --- [ListenIt] [http-nio-8485-exec-6] com.boot.jwt.JwtAuthenticationFilter     : 🔍 [JwtAuthenticationFilter] shouldNotFilter 체크 URI: /custom_login (메서드: GET)
2025-06-25T09:14:31.720+09:00 DEBUG 4816 --- [ListenIt] [http-nio-8485-exec-6] com.boot.jwt.JwtAuthenticationFilter     : 🚫 [JwtAuthenticationFilter] 제외 대상 URI 발견: /custom_login (접두사: /)
2025-06-25T09:14:31.721+09:00 DEBUG 4816 --- [ListenIt] [http-nio-8485-exec-6] com.boot.jwt.JwtAuthenticationFilter     : 🔍 [JwtAuthenticationFilter] shouldNotFilter 체크 URI: /custom_login (메서드: GET)
2025-06-25T09:14:31.721+09:00 DEBUG 4816 --- [ListenIt] [http-nio-8485-exec-6] com.boot.jwt.JwtAuthenticationFilter     : 🚫 [JwtAuthenticationFilter] 제외 대상 URI 발견: /custom_login (접두사: /)
2025-06-25T09:14:41.193+09:00 DEBUG 4816 --- [ListenIt] [http-nio-8485-exec-8] com.boot.jwt.JwtAuthenticationFilter     : 🔍 [JwtAuthenticationFilter] shouldNotFilter 체크 URI: /api/auth/me (메서드: GET)
2025-06-25T09:14:41.193+09:00 DEBUG 4816 --- [ListenIt] [http-nio-8485-exec-7] com.boot.jwt.JwtAuthenticationFilter     : 🔍 [JwtAuthenticationFilter] shouldNotFilter 체크 URI: /api/auth/me (메서드: GET)
2025-06-25T09:14:41.194+09:00 DEBUG 4816 --- [ListenIt] [http-nio-8485-exec-8] com.boot.jwt.JwtAuthenticationFilter     : 🚫 [JwtAuthenticationFilter] 제외 대상 URI 발견: /api/auth/me (접두사: /)
2025-06-25T09:14:41.194+09:00 DEBUG 4816 --- [ListenIt] [http-nio-8485-exec-7] com.boot.jwt.JwtAuthenticationFilter     : 🚫 [JwtAuthenticationFilter] 제외 대상 URI 발견: /api/auth/me (접두사: /)
2025-06-25T09:14:41.198+09:00 DEBUG 4816 --- [ListenIt] [http-nio-8485-exec-10] com.boot.jwt.JwtAuthenticationFilter     : 🔍 [JwtAuthenticationFilter] shouldNotFilter 체크 URI: /custom_login (메서드: GET)
2025-06-25T09:14:41.198+09:00 DEBUG 4816 --- [ListenIt] [http-nio-8485-exec-10] com.boot.jwt.JwtAuthenticationFilter     : 🚫 [JwtAuthenticationFilter] 제외 대상 URI 발견: /custom_login (접두사: /)
2025-06-25T09:14:41.198+09:00 DEBUG 4816 --- [ListenIt] [http-nio-8485-exec-9] com.boot.jwt.JwtAuthenticationFilter     : 🔍 [JwtAuthenticationFilter] shouldNotFilter 체크 URI: /custom_login (메서드: GET)
2025-06-25T09:14:41.198+09:00 DEBUG 4816 --- [ListenIt] [http-nio-8485-exec-9] com.boot.jwt.JwtAuthenticationFilter     : 🚫 [JwtAuthenticationFilter] 제외 대상 URI 발견: /custom_login (접두사: /)
2025-06-25T09:14:41.198+09:00 DEBUG 4816 --- [ListenIt] [http-nio-8485-exec-10] com.boot.jwt.JwtAuthenticationFilter     : 🔍 [JwtAuthenticationFilter] shouldNotFilter 체크 URI: /custom_login (메서드: GET)
2025-06-25T09:14:41.199+09:00 DEBUG 4816 --- [ListenIt] [http-nio-8485-exec-10] com.boot.jwt.JwtAuthenticationFilter     : 🚫 [JwtAuthenticationFilter] 제외 대상 URI 발견: /custom_login (접두사: /)
2025-06-25T09:14:41.199+09:00 DEBUG 4816 --- [ListenIt] [http-nio-8485-exec-9] com.boot.jwt.JwtAuthenticationFilter     : 🔍 [JwtAuthenticationFilter] shouldNotFilter 체크 URI: /custom_login (메서드: GET)
2025-06-25T09:14:41.199+09:00 DEBUG 4816 --- [ListenIt] [http-nio-8485-exec-9] com.boot.jwt.JwtAuthenticationFilter     : 🚫 [JwtAuthenticationFilter] 제외 대상 URI 발견: /custom_login (접두사: /)
2025-06-25T09:14:41.223+09:00 DEBUG 4816 --- [ListenIt] [http-nio-8485-exec-1] com.boot.jwt.JwtAuthenticationFilter     : 🔍 [JwtAuthenticationFilter] shouldNotFilter 체크 URI: /api/music (메서드: GET)
2025-06-25T09:14:41.223+09:00 DEBUG 4816 --- [ListenIt] [http-nio-8485-exec-2] com.boot.jwt.JwtAuthenticationFilter     : 🔍 [JwtAuthenticationFilter] shouldNotFilter 체크 URI: /api/music (메서드: GET)
2025-06-25T09:14:41.225+09:00 DEBUG 4816 --- [ListenIt] [http-nio-8485-exec-1] com.boot.jwt.JwtAuthenticationFilter     : 🚫 [JwtAuthenticationFilter] 공개 GET API 요청 - 필터 제외: /api/music
2025-06-25T09:14:41.225+09:00 DEBUG 4816 --- [ListenIt] [http-nio-8485-exec-2] com.boot.jwt.JwtAuthenticationFilter     : 🚫 [JwtAuthenticationFilter] 공개 GET API 요청 - 필터 제외: /api/music
2025-06-25T09:14:41.225+09:00 DEBUG 4816 --- [ListenIt] [http-nio-8485-exec-1] com.boot.jwt.JwtAuthenticationFilter     : 🔍 [JwtAuthenticationFilter] shouldNotFilter 체크 URI: /api/music (메서드: GET)
2025-06-25T09:14:41.225+09:00 DEBUG 4816 --- [ListenIt] [http-nio-8485-exec-1] com.boot.jwt.JwtAuthenticationFilter     : 🚫 [JwtAuthenticationFilter] 공개 GET API 요청 - 필터 제외: /api/music
2025-06-25T09:14:41.225+09:00 DEBUG 4816 --- [ListenIt] [http-nio-8485-exec-2] com.boot.jwt.JwtAuthenticationFilter     : 🔍 [JwtAuthenticationFilter] shouldNotFilter 체크 URI: /api/music (메서드: GET)
2025-06-25T09:14:41.225+09:00 DEBUG 4816 --- [ListenIt] [http-nio-8485-exec-2] com.boot.jwt.JwtAuthenticationFilter     : 🚫 [JwtAuthenticationFilter] 공개 GET API 요청 - 필터 제외: /api/music
2025-06-25T09:14:41.226+09:00  INFO 4816 --- [ListenIt] [http-nio-8485-exec-2] com.boot.service.MusicService            : MusicService - getAllMusic 호출 (페이지네이션)
2025-06-25T09:14:41.226+09:00  INFO 4816 --- [ListenIt] [http-nio-8485-exec-1] com.boot.service.MusicService            : MusicService - getAllMusic 호출 (페이지네이션)
2025-06-25T09:14:41.229+09:00  INFO 4816 --- [ListenIt] [http-nio-8485-exec-1] com.boot.service.FileStorageService      : 가사 파일 읽기 요청: fullFilePath=C:/develop/work_springboot/ListenIt/uploads/lyrics/9fe49e1f-a480-4ccc-b0e8-67a850ea6446.txt
2025-06-25T09:14:41.230+09:00  INFO 4816 --- [ListenIt] [http-nio-8485-exec-2] com.boot.service.FileStorageService      : 가사 파일 읽기 요청: fullFilePath=C:/develop/work_springboot/ListenIt/uploads/lyrics/9fe49e1f-a480-4ccc-b0e8-67a850ea6446.txt
2025-06-25T09:14:41.230+09:00  WARN 4816 --- [ListenIt] [http-nio-8485-exec-1] com.boot.service.FileStorageService      : 가사 파일을 찾을 수 없거나 읽을 수 없습니다: C:/develop/work_springboot/ListenIt/uploads/lyrics/9fe49e1f-a480-4ccc-b0e8-67a850ea6446.txt
2025-06-25T09:14:41.230+09:00  WARN 4816 --- [ListenIt] [http-nio-8485-exec-2] com.boot.service.FileStorageService      : 가사 파일을 찾을 수 없거나 읽을 수 없습니다: C:/develop/work_springboot/ListenIt/uploads/lyrics/9fe49e1f-a480-4ccc-b0e8-67a850ea6446.txt
2025-06-25T09:14:41.231+09:00  WARN 4816 --- [ListenIt] [http-nio-8485-exec-2] .w.s.m.a.ResponseStatusExceptionResolver : Resolved [com.boot.exception.MyFileNotFoundException: 가사 파일을 찾을 수 없거나 읽을 수 없습니다. C:/develop/work_springboot/ListenIt/uploads/lyrics/9fe49e1f-a480-4ccc-b0e8-67a850ea6446.txt]
2025-06-25T09:14:41.231+09:00  WARN 4816 --- [ListenIt] [http-nio-8485-exec-1] .w.s.m.a.ResponseStatusExceptionResolver : Resolved [com.boot.exception.MyFileNotFoundException: 가사 파일을 찾을 수 없거나 읽을 수 없습니다. C:/develop/work_springboot/ListenIt/uploads/lyrics/9fe49e1f-a480-4ccc-b0e8-67a850ea6446.txt]
2025-06-25T09:14:41.235+09:00 DEBUG 4816 --- [ListenIt] [http-nio-8485-exec-4] com.boot.jwt.JwtAuthenticationFilter     : 🔍 [JwtAuthenticationFilter] shouldNotFilter 체크 URI: /custom_login (메서드: GET)
2025-06-25T09:14:41.235+09:00 DEBUG 4816 --- [ListenIt] [http-nio-8485-exec-3] com.boot.jwt.JwtAuthenticationFilter     : 🔍 [JwtAuthenticationFilter] shouldNotFilter 체크 URI: /custom_login (메서드: GET)
2025-06-25T09:14:41.236+09:00 DEBUG 4816 --- [ListenIt] [http-nio-8485-exec-4] com.boot.jwt.JwtAuthenticationFilter     : 🚫 [JwtAuthenticationFilter] 제외 대상 URI 발견: /custom_login (접두사: /)
2025-06-25T09:14:41.236+09:00 DEBUG 4816 --- [ListenIt] [http-nio-8485-exec-3] com.boot.jwt.JwtAuthenticationFilter     : 🚫 [JwtAuthenticationFilter] 제외 대상 URI 발견: /custom_login (접두사: /)
2025-06-25T09:14:41.236+09:00 DEBUG 4816 --- [ListenIt] [http-nio-8485-exec-3] com.boot.jwt.JwtAuthenticationFilter     : 🔍 [JwtAuthenticationFilter] shouldNotFilter 체크 URI: /custom_login (메서드: GET)
2025-06-25T09:14:41.236+09:00 DEBUG 4816 --- [ListenIt] [http-nio-8485-exec-4] com.boot.jwt.JwtAuthenticationFilter     : 🔍 [JwtAuthenticationFilter] shouldNotFilter 체크 URI: /custom_login (메서드: GET)
2025-06-25T09:14:41.236+09:00 DEBUG 4816 --- [ListenIt] [http-nio-8485-exec-3] com.boot.jwt.JwtAuthenticationFilter     : 🚫 [JwtAuthenticationFilter] 제외 대상 URI 발견: /custom_login (접두사: /)
2025-06-25T09:14:41.236+09:00 DEBUG 4816 --- [ListenIt] [http-nio-8485-exec-4] com.boot.jwt.JwtAuthenticationFilter     : 🚫 [JwtAuthenticationFilter] 제외 대상 URI 발견: /custom_login (접두사: /)
2025-06-25T09:14:52.783+09:00 DEBUG 4816 --- [ListenIt] [http-nio-8485-exec-6] com.boot.jwt.JwtAuthenticationFilter     : 🔍 [JwtAuthenticationFilter] shouldNotFilter 체크 URI: /api/login (메서드: POST)
2025-06-25T09:14:52.783+09:00 DEBUG 4816 --- [ListenIt] [http-nio-8485-exec-6] com.boot.jwt.JwtAuthenticationFilter     : 🚫 [JwtAuthenticationFilter] 제외 대상 URI 발견: /api/login (접두사: /)
2025-06-25T09:14:52.783+09:00  INFO 4816 --- [ListenIt] [http-nio-8485-exec-6] JsonUsernamePasswordAuthenticationFilter : 🔍 [JsonUsernamePasswordAuthenticationFilter] Parsed username from JSON: tjdgns5508
2025-06-25T09:14:52.783+09:00 DEBUG 4816 --- [ListenIt] [http-nio-8485-exec-6] c.b.security.CustomUserDetailsService    : 🔍 [CustomUserDetailsService] 사용자 'tjdgns5508' 로드 시작
2025-06-25T09:14:52.789+09:00 DEBUG 4816 --- [ListenIt] [http-nio-8485-exec-6] c.b.security.CustomUserDetailsService    : ✅ [CustomUserDetailsService] 사용자 'tjdgns5508' 데이터베이스에서 조회 완료. ID: 28
2025-06-25T09:14:52.789+09:00  INFO 4816 --- [ListenIt] [http-nio-8485-exec-6] c.b.security.CustomUserDetailsService    : ✅ [CustomUserDetailsService] 사용자 'tjdgns5508'에 대한 UserDetails 로드 완료. (권한은 User 엔티티의 getAuthorities()에서 제공)
2025-06-25T09:14:52.874+09:00 DEBUG 4816 --- [ListenIt] [http-nio-8485-exec-6] JsonUsernamePasswordAuthenticationFilter : Set SecurityContextHolder to UsernamePasswordAuthenticationToken [Principal=com.boot.domain.User@ee0b76d, Credentials=[PROTECTED], Authenticated=true, Details=WebAuthenticationDetails [RemoteIpAddress=0:0:0:0:0:0:0:1, SessionId=null], Granted Authorities=[ROLE_ADMIN]]
2025-06-25T09:14:52.876+09:00  INFO 4816 --- [ListenIt] [http-nio-8485-exec-6] c.boot.oauth2.CustomFormSuccessHandler   : 🔥 [CustomFormSuccessHandler] onAuthenticationSuccess 진입 (일반 폼 로그인)
2025-06-25T09:14:52.876+09:00  INFO 4816 --- [ListenIt] [http-nio-8485-exec-6] c.boot.oauth2.CustomFormSuccessHandler   : 🔑 일반 로그인 사용자 ID/Email: tjdgns5508
2025-06-25T09:14:52.876+09:00  INFO 4816 --- [ListenIt] [http-nio-8485-exec-6] c.boot.oauth2.CustomFormSuccessHandler   : ℹ️ [CustomFormSuccessHandler] 현재 Authentication 객체의 권한: ROLE_ADMIN
2025-06-25T09:14:52.876+09:00  INFO 4816 --- [ListenIt] [http-nio-8485-exec-6] c.boot.oauth2.CustomFormSuccessHandler   : ℹ️ [CustomFormSuccessHandler] SecurityContextHolder의 사용자: tjdgns5508
2025-06-25T09:14:52.876+09:00  INFO 4816 --- [ListenIt] [http-nio-8485-exec-6] c.boot.oauth2.CustomFormSuccessHandler   : ℹ️ [CustomFormSuccessHandler] SecurityContextHolder의 권한: ROLE_ADMIN
2025-06-25T09:14:52.876+09:00  INFO 4816 --- [ListenIt] [http-nio-8485-exec-6] c.boot.oauth2.CustomFormSuccessHandler   : ✅ 일반 로그인 사용자 정보 조회 완료: tjdgns5508
2025-06-25T09:14:52.886+09:00  INFO 4816 --- [ListenIt] [http-nio-8485-exec-6] c.boot.oauth2.CustomFormSuccessHandler   : ✅ 계정 잠금 상태 및 실패 횟수 초기화 완료: tjdgns5508
2025-06-25T09:14:52.886+09:00  INFO 4816 --- [ListenIt] [http-nio-8485-exec-6] com.boot.jwt.JwtTokenProvider            : [JwtTokenProvider] Access Token Subject 설정 (Username from UserDetails): tjdgns5508
2025-06-25T09:14:52.887+09:00  INFO 4816 --- [ListenIt] [http-nio-8485-exec-6] c.boot.oauth2.CustomFormSuccessHandler   : 🔑 Access Token 생성 완료: eyJhbGciOiJIUzI1NiJ9.eyJzdWIiOiJ0amRnbnM1NTA4IiwiYXV0aCI6IlJPTEVfQURNSU4iLCJpYXQiOjE3NTA4MTA0OTIsImV4cCI6MTc1MDg0NjQ5Mn0.SPXGtbRQAml8Ipt3Jyk-NU0uiaX5V4exCdG7au69ArA
2025-06-25T09:14:52.887+09:00  INFO 4816 --- [ListenIt] [http-nio-8485-exec-6] com.boot.jwt.JwtTokenProvider            : [JwtTokenProvider] Refresh Token Subject 설정 (Username from UserDetails): tjdgns5508
2025-06-25T09:14:52.888+09:00  INFO 4816 --- [ListenIt] [http-nio-8485-exec-6] c.boot.oauth2.CustomFormSuccessHandler   : 🔑 Refresh Token 생성 완료: eyJhbGciOiJIUzI1NiJ9.eyJzdWIiOiJ0amRnbnM1NTA4IiwiaWF0IjoxNzUwODEwNDkyLCJleHAiOjE3NTIwMjAwOTJ9.o-8T9U1irvDND6S6R1Hnxp1DLRDMRc8WjX85-pFsp9w
2025-06-25T09:14:52.888+09:00  INFO 4816 --- [ListenIt] [http-nio-8485-exec-6] c.boot.oauth2.CustomFormSuccessHandler   : ✅ Access Token을 HttpOnly 쿠키 'jwt_token'으로 추가 완료
2025-06-25T09:14:52.888+09:00  INFO 4816 --- [ListenIt] [http-nio-8485-exec-6] c.boot.oauth2.CustomFormSuccessHandler   : ✅ Refresh Token을 HttpOnly 쿠키 'refresh_token'으로 추가 완료
2025-06-25T09:14:52.895+09:00  INFO 4816 --- [ListenIt] [http-nio-8485-exec-6] c.boot.service.UserActivityLogService    : User activity logged: userId=28, type=LOGIN, details=User tjdgns5508 logged in successfully.
2025-06-25T09:14:52.895+09:00  INFO 4816 --- [ListenIt] [http-nio-8485-exec-6] c.boot.oauth2.CustomFormSuccessHandler   : ✅ 사용자 활동 로그 저장 완료: UserID=28, Type=LOGIN
2025-06-25T09:14:52.896+09:00  INFO 4816 --- [ListenIt] [http-nio-8485-exec-6] c.boot.oauth2.CustomFormSuccessHandler   : ✅ JSON 응답으로 로그인 성공 정보 전달 완료
2025-06-25T09:14:52.926+09:00 DEBUG 4816 --- [ListenIt] [http-nio-8485-exec-7] com.boot.jwt.JwtAuthenticationFilter     : 🔍 [JwtAuthenticationFilter] shouldNotFilter 체크 URI: /api/music (메서드: GET)
2025-06-25T09:14:52.926+09:00 DEBUG 4816 --- [ListenIt] [http-nio-8485-exec-7] com.boot.jwt.JwtAuthenticationFilter     : 🚫 [JwtAuthenticationFilter] 공개 GET API 요청 - 필터 제외: /api/music
2025-06-25T09:14:52.926+09:00 DEBUG 4816 --- [ListenIt] [http-nio-8485-exec-7] com.boot.jwt.JwtAuthenticationFilter     : 🔍 [JwtAuthenticationFilter] shouldNotFilter 체크 URI: /api/music (메서드: GET)
2025-06-25T09:14:52.926+09:00 DEBUG 4816 --- [ListenIt] [http-nio-8485-exec-8] com.boot.jwt.JwtAuthenticationFilter     : 🔍 [JwtAuthenticationFilter] shouldNotFilter 체크 URI: /api/music (메서드: GET)
2025-06-25T09:14:52.926+09:00 DEBUG 4816 --- [ListenIt] [http-nio-8485-exec-8] com.boot.jwt.JwtAuthenticationFilter     : 🚫 [JwtAuthenticationFilter] 공개 GET API 요청 - 필터 제외: /api/music
2025-06-25T09:14:52.926+09:00 DEBUG 4816 --- [ListenIt] [http-nio-8485-exec-8] com.boot.jwt.JwtAuthenticationFilter     : 🔍 [JwtAuthenticationFilter] shouldNotFilter 체크 URI: /api/music (메서드: GET)
2025-06-25T09:14:52.926+09:00 DEBUG 4816 --- [ListenIt] [http-nio-8485-exec-8] com.boot.jwt.JwtAuthenticationFilter     : 🚫 [JwtAuthenticationFilter] 공개 GET API 요청 - 필터 제외: /api/music
2025-06-25T09:14:52.926+09:00 DEBUG 4816 --- [ListenIt] [http-nio-8485-exec-7] com.boot.jwt.JwtAuthenticationFilter     : 🚫 [JwtAuthenticationFilter] 공개 GET API 요청 - 필터 제외: /api/music
2025-06-25T09:14:52.926+09:00  INFO 4816 --- [ListenIt] [http-nio-8485-exec-7] com.boot.service.MusicService            : MusicService - getAllMusic 호출 (페이지네이션)
2025-06-25T09:14:52.926+09:00  INFO 4816 --- [ListenIt] [http-nio-8485-exec-8] com.boot.service.MusicService            : MusicService - getAllMusic 호출 (페이지네이션)
2025-06-25T09:14:52.933+09:00  INFO 4816 --- [ListenIt] [http-nio-8485-exec-8] com.boot.service.FileStorageService      : 가사 파일 읽기 요청: fullFilePath=C:/develop/work_springboot/ListenIt/uploads/lyrics/9fe49e1f-a480-4ccc-b0e8-67a850ea6446.txt
2025-06-25T09:14:52.933+09:00  INFO 4816 --- [ListenIt] [http-nio-8485-exec-7] com.boot.service.FileStorageService      : 가사 파일 읽기 요청: fullFilePath=C:/develop/work_springboot/ListenIt/uploads/lyrics/9fe49e1f-a480-4ccc-b0e8-67a850ea6446.txt
2025-06-25T09:14:52.935+09:00  WARN 4816 --- [ListenIt] [http-nio-8485-exec-8] com.boot.service.FileStorageService      : 가사 파일을 찾을 수 없거나 읽을 수 없습니다: C:/develop/work_springboot/ListenIt/uploads/lyrics/9fe49e1f-a480-4ccc-b0e8-67a850ea6446.txt
2025-06-25T09:14:52.935+09:00  WARN 4816 --- [ListenIt] [http-nio-8485-exec-7] com.boot.service.FileStorageService      : 가사 파일을 찾을 수 없거나 읽을 수 없습니다: C:/develop/work_springboot/ListenIt/uploads/lyrics/9fe49e1f-a480-4ccc-b0e8-67a850ea6446.txt
2025-06-25T09:14:52.936+09:00  WARN 4816 --- [ListenIt] [http-nio-8485-exec-7] .w.s.m.a.ResponseStatusExceptionResolver : Resolved [com.boot.exception.MyFileNotFoundException: 가사 파일을 찾을 수 없거나 읽을 수 없습니다. C:/develop/work_springboot/ListenIt/uploads/lyrics/9fe49e1f-a480-4ccc-b0e8-67a850ea6446.txt]
2025-06-25T09:14:52.937+09:00  WARN 4816 --- [ListenIt] [http-nio-8485-exec-8] .w.s.m.a.ResponseStatusExceptionResolver : Resolved [com.boot.exception.MyFileNotFoundException: 가사 파일을 찾을 수 없거나 읽을 수 없습니다. C:/develop/work_springboot/ListenIt/uploads/lyrics/9fe49e1f-a480-4ccc-b0e8-67a850ea6446.txt]
2025-06-25T09:14:52.941+09:00 DEBUG 4816 --- [ListenIt] [http-nio-8485-exec-10] com.boot.jwt.JwtAuthenticationFilter     : 🔍 [JwtAuthenticationFilter] shouldNotFilter 체크 URI: /custom_login (메서드: GET)
2025-06-25T09:14:52.941+09:00 DEBUG 4816 --- [ListenIt] [http-nio-8485-exec-10] com.boot.jwt.JwtAuthenticationFilter     : 🚫 [JwtAuthenticationFilter] 제외 대상 URI 발견: /custom_login (접두사: /)
2025-06-25T09:14:52.941+09:00 DEBUG 4816 --- [ListenIt] [http-nio-8485-exec-9] com.boot.jwt.JwtAuthenticationFilter     : 🔍 [JwtAuthenticationFilter] shouldNotFilter 체크 URI: /custom_login (메서드: GET)
2025-06-25T09:14:52.941+09:00 DEBUG 4816 --- [ListenIt] [http-nio-8485-exec-9] com.boot.jwt.JwtAuthenticationFilter     : 🚫 [JwtAuthenticationFilter] 제외 대상 URI 발견: /custom_login (접두사: /)
2025-06-25T09:14:52.941+09:00 DEBUG 4816 --- [ListenIt] [http-nio-8485-exec-10] com.boot.jwt.JwtAuthenticationFilter     : 🔍 [JwtAuthenticationFilter] shouldNotFilter 체크 URI: /custom_login (메서드: GET)
2025-06-25T09:14:52.941+09:00 DEBUG 4816 --- [ListenIt] [http-nio-8485-exec-10] com.boot.jwt.JwtAuthenticationFilter     : 🚫 [JwtAuthenticationFilter] 제외 대상 URI 발견: /custom_login (접두사: /)
2025-06-25T09:14:52.941+09:00 DEBUG 4816 --- [ListenIt] [http-nio-8485-exec-9] com.boot.jwt.JwtAuthenticationFilter     : 🔍 [JwtAuthenticationFilter] shouldNotFilter 체크 URI: /custom_login (메서드: GET)
2025-06-25T09:14:52.941+09:00 DEBUG 4816 --- [ListenIt] [http-nio-8485-exec-9] com.boot.jwt.JwtAuthenticationFilter     : 🚫 [JwtAuthenticationFilter] 제외 대상 URI 발견: /custom_login (접두사: /)
2025-06-25T10:07:38.822+09:00  INFO 4816 --- [ListenIt] [File Watcher] rtingClassPathChangeChangedEventListener : Restarting due to 1 class path change (0 additions, 0 deletions, 1 modification)
2025-06-25T10:07:38.836+09:00  INFO 4816 --- [ListenIt] [Thread-5] j.LocalContainerEntityManagerFactoryBean : Closing JPA EntityManagerFactory for persistence unit 'default'
2025-06-25T10:07:38.838+09:00  INFO 4816 --- [ListenIt] [Thread-5] com.zaxxer.hikari.HikariDataSource       : HikariPool-1 - Shutdown initiated...
2025-06-25T10:07:38.841+09:00  INFO 4816 --- [ListenIt] [Thread-5] com.zaxxer.hikari.HikariDataSource       : HikariPool-1 - Shutdown completed.
2025-06-25T10:07:38.902+09:00  INFO 4816 --- [ListenIt] [restartedMain] com.boot.ListenItApplication             : Starting ListenItApplication using Java 17.0.14 with PID 4816 (C:\develop\work_springboot\ListenIt\bin\main started by user in C:\develop\work_springboot\ListenIt)
2025-06-25T10:07:38.902+09:00 DEBUG 4816 --- [ListenIt] [restartedMain] com.boot.ListenItApplication             : Running with Spring Boot v3.2.5, Spring v6.1.6
2025-06-25T10:07:38.902+09:00  INFO 4816 --- [ListenIt] [restartedMain] com.boot.ListenItApplication             : No active profile set, falling back to 1 default profile: "default"
2025-06-25T10:07:39.044+09:00  INFO 4816 --- [ListenIt] [restartedMain] .s.d.r.c.RepositoryConfigurationDelegate : Bootstrapping Spring Data JPA repositories in DEFAULT mode.
2025-06-25T10:07:39.065+09:00  INFO 4816 --- [ListenIt] [restartedMain] .s.d.r.c.RepositoryConfigurationDelegate : Finished Spring Data repository scanning in 20 ms. Found 10 JPA repository interfaces.
2025-06-25T10:07:39.173+09:00  INFO 4816 --- [ListenIt] [restartedMain] o.s.b.w.embedded.tomcat.TomcatWebServer  : Tomcat initialized with port 8485 (http)
2025-06-25T10:07:39.174+09:00  INFO 4816 --- [ListenIt] [restartedMain] o.apache.catalina.core.StandardService   : Starting service [Tomcat]
2025-06-25T10:07:39.174+09:00  INFO 4816 --- [ListenIt] [restartedMain] o.apache.catalina.core.StandardEngine    : Starting Servlet engine: [Apache Tomcat/10.1.20]
2025-06-25T10:07:39.187+09:00  INFO 4816 --- [ListenIt] [restartedMain] o.a.c.c.C.[Tomcat].[localhost].[/]       : Initializing Spring embedded WebApplicationContext
2025-06-25T10:07:39.187+09:00  INFO 4816 --- [ListenIt] [restartedMain] w.s.c.ServletWebServerApplicationContext : Root WebApplicationContext: initialization completed in 284 ms
2025-06-25T10:07:39.224+09:00  INFO 4816 --- [ListenIt] [restartedMain] o.hibernate.jpa.internal.util.LogHelper  : HHH000204: Processing PersistenceUnitInfo [name: default]
2025-06-25T10:07:39.227+09:00  INFO 4816 --- [ListenIt] [restartedMain] o.h.c.internal.RegionFactoryInitiator    : HHH000026: Second-level cache disabled
2025-06-25T10:07:39.230+09:00  INFO 4816 --- [ListenIt] [restartedMain] o.s.o.j.p.SpringPersistenceUnitInfo      : No LoadTimeWeaver setup: ignoring JPA class transformer
2025-06-25T10:07:39.230+09:00  INFO 4816 --- [ListenIt] [restartedMain] com.zaxxer.hikari.HikariDataSource       : HikariPool-2 - Starting...
2025-06-25T10:07:39.239+09:00  INFO 4816 --- [ListenIt] [restartedMain] com.zaxxer.hikari.pool.HikariPool        : HikariPool-2 - Added connection com.mysql.cj.jdbc.ConnectionImpl@6b176a7b
2025-06-25T10:07:39.239+09:00  INFO 4816 --- [ListenIt] [restartedMain] com.zaxxer.hikari.HikariDataSource       : HikariPool-2 - Start completed.
2025-06-25T10:07:39.353+09:00  INFO 4816 --- [ListenIt] [restartedMain] o.h.e.t.j.p.i.JtaPlatformInitiator       : HHH000489: No JTA platform available (set 'hibernate.transaction.jta.platform' to enable JTA platform integration)
2025-06-25T10:07:39.404+09:00  INFO 4816 --- [ListenIt] [restartedMain] j.LocalContainerEntityManagerFactoryBean : Initialized JPA EntityManagerFactory for persistence unit 'default'
2025-06-25T10:07:39.444+09:00 ERROR 4816 --- [ListenIt] [restartedMain] o.s.b.web.embedded.tomcat.TomcatStarter  : Error starting Tomcat context. Exception: org.springframework.beans.factory.UnsatisfiedDependencyException. Message: Error creating bean with name 'securityConfig' defined in file [C:\develop\work_springboot\ListenIt\bin\main\com\boot\config\SecurityConfig.class]: Unsatisfied dependency expressed through constructor parameter 0: Error creating bean with name 'customOAuth2UserService' defined in file [C:\develop\work_springboot\ListenIt\bin\main\com\boot\security\CustomOAuth2UserService.class]: Unsatisfied dependency expressed through constructor parameter 0: Error creating bean with name 'userService' defined in file [C:\develop\work_springboot\ListenIt\bin\main\com\boot\service\UserService.class]: Unsatisfied dependency expressed through constructor parameter 1: Error creating bean with name 'appConfig': Injection of autowired dependencies failed
2025-06-25T10:07:39.445+09:00  INFO 4816 --- [ListenIt] [restartedMain] o.apache.catalina.core.StandardService   : Stopping service [Tomcat]
2025-06-25T10:07:39.447+09:00  WARN 4816 --- [ListenIt] [restartedMain] o.a.c.loader.WebappClassLoaderBase       : The web application [ROOT] appears to have started a thread named [HikariPool-2 housekeeper] but has failed to stop it. This is very likely to create a memory leak. Stack trace of thread:
 java.base@17.0.14/jdk.internal.misc.Unsafe.park(Native Method)
 java.base@17.0.14/java.util.concurrent.locks.LockSupport.parkNanos(LockSupport.java:252)
 java.base@17.0.14/java.util.concurrent.locks.AbstractQueuedSynchronizer$ConditionObject.awaitNanos(AbstractQueuedSynchronizer.java:1679)
 java.base@17.0.14/java.util.concurrent.ScheduledThreadPoolExecutor$DelayedWorkQueue.take(ScheduledThreadPoolExecutor.java:1182)
 java.base@17.0.14/java.util.concurrent.ScheduledThreadPoolExecutor$DelayedWorkQueue.take(ScheduledThreadPoolExecutor.java:899)
 java.base@17.0.14/java.util.concurrent.ThreadPoolExecutor.getTask(ThreadPoolExecutor.java:1062)
 java.base@17.0.14/java.util.concurrent.ThreadPoolExecutor.runWorker(ThreadPoolExecutor.java:1122)
 java.base@17.0.14/java.util.concurrent.ThreadPoolExecutor$Worker.run(ThreadPoolExecutor.java:635)
 java.base@17.0.14/java.lang.Thread.run(Thread.java:840)
2025-06-25T10:07:39.447+09:00  WARN 4816 --- [ListenIt] [restartedMain] o.a.c.loader.WebappClassLoaderBase       : The web application [ROOT] appears to have started a thread named [HikariPool-2 connection adder] but has failed to stop it. This is very likely to create a memory leak. Stack trace of thread:
 java.base@17.0.14/java.lang.Thread.sleep(Native Method)
 app//com.zaxxer.hikari.util.UtilityElf.quietlySleep(UtilityElf.java:53)
 app//com.zaxxer.hikari.pool.HikariPool$PoolEntryCreator.call(HikariPool.java:745)
 app//com.zaxxer.hikari.pool.HikariPool$PoolEntryCreator.call(HikariPool.java:712)
 java.base@17.0.14/java.util.concurrent.FutureTask.run(FutureTask.java:264)
 java.base@17.0.14/java.util.concurrent.ThreadPoolExecutor.runWorker(ThreadPoolExecutor.java:1136)
 java.base@17.0.14/java.util.concurrent.ThreadPoolExecutor$Worker.run(ThreadPoolExecutor.java:635)
 java.base@17.0.14/java.lang.Thread.run(Thread.java:840)
2025-06-25T10:07:39.447+09:00  WARN 4816 --- [ListenIt] [restartedMain] ConfigServletWebServerApplicationContext : Exception encountered during context initialization - cancelling refresh attempt: org.springframework.context.ApplicationContextException: Unable to start web server
2025-06-25T10:07:39.447+09:00  INFO 4816 --- [ListenIt] [restartedMain] j.LocalContainerEntityManagerFactoryBean : Closing JPA EntityManagerFactory for persistence unit 'default'
2025-06-25T10:07:39.447+09:00  INFO 4816 --- [ListenIt] [restartedMain] com.zaxxer.hikari.HikariDataSource       : HikariPool-2 - Shutdown initiated...
2025-06-25T10:07:39.454+09:00  INFO 4816 --- [ListenIt] [restartedMain] com.zaxxer.hikari.HikariDataSource       : HikariPool-2 - Shutdown completed.
2025-06-25T10:07:39.457+09:00  INFO 4816 --- [ListenIt] [restartedMain] .s.b.a.l.ConditionEvaluationReportLogger : 

Error starting ApplicationContext. To display the condition evaluation report re-run your application with 'debug' enabled.
2025-06-25T10:07:39.470+09:00 ERROR 4816 --- [ListenIt] [restartedMain] o.s.boot.SpringApplication               : Application run failed

org.springframework.context.ApplicationContextException: Unable to start web server
	at org.springframework.boot.web.servlet.context.ServletWebServerApplicationContext.onRefresh(ServletWebServerApplicationContext.java:165) ~[spring-boot-3.2.5.jar:3.2.5]
	at org.springframework.context.support.AbstractApplicationContext.refresh(AbstractApplicationContext.java:618) ~[spring-context-6.1.6.jar:6.1.6]
	at org.springframework.boot.web.servlet.context.ServletWebServerApplicationContext.refresh(ServletWebServerApplicationContext.java:146) ~[spring-boot-3.2.5.jar:3.2.5]
	at org.springframework.boot.SpringApplication.refresh(SpringApplication.java:754) ~[spring-boot-3.2.5.jar:3.2.5]
	at org.springframework.boot.SpringApplication.refreshContext(SpringApplication.java:456) ~[spring-boot-3.2.5.jar:3.2.5]
	at org.springframework.boot.SpringApplication.run(SpringApplication.java:334) ~[spring-boot-3.2.5.jar:3.2.5]
	at org.springframework.boot.SpringApplication.run(SpringApplication.java:1354) ~[spring-boot-3.2.5.jar:3.2.5]
	at org.springframework.boot.SpringApplication.run(SpringApplication.java:1343) ~[spring-boot-3.2.5.jar:3.2.5]
	at com.boot.ListenItApplication.main(ListenItApplication.java:12) ~[main/:na]
	at java.base/jdk.internal.reflect.NativeMethodAccessorImpl.invoke0(Native Method) ~[na:na]
	at java.base/jdk.internal.reflect.NativeMethodAccessorImpl.invoke(NativeMethodAccessorImpl.java:77) ~[na:na]
	at java.base/jdk.internal.reflect.DelegatingMethodAccessorImpl.invoke(DelegatingMethodAccessorImpl.java:43) ~[na:na]
	at java.base/java.lang.reflect.Method.invoke(Method.java:569) ~[na:na]
	at org.springframework.boot.devtools.restart.RestartLauncher.run(RestartLauncher.java:50) ~[spring-boot-devtools-3.2.5.jar:3.2.5]
Caused by: org.springframework.boot.web.server.WebServerException: Unable to start embedded Tomcat
	at org.springframework.boot.web.embedded.tomcat.TomcatWebServer.initialize(TomcatWebServer.java:145) ~[spring-boot-3.2.5.jar:3.2.5]
	at org.springframework.boot.web.embedded.tomcat.TomcatWebServer.<init>(TomcatWebServer.java:105) ~[spring-boot-3.2.5.jar:3.2.5]
	at org.springframework.boot.web.embedded.tomcat.TomcatServletWebServerFactory.getTomcatWebServer(TomcatServletWebServerFactory.java:499) ~[spring-boot-3.2.5.jar:3.2.5]
	at org.springframework.boot.web.embedded.tomcat.TomcatServletWebServerFactory.getWebServer(TomcatServletWebServerFactory.java:218) ~[spring-boot-3.2.5.jar:3.2.5]
	at org.springframework.boot.web.servlet.context.ServletWebServerApplicationContext.createWebServer(ServletWebServerApplicationContext.java:188) ~[spring-boot-3.2.5.jar:3.2.5]
	at org.springframework.boot.web.servlet.context.ServletWebServerApplicationContext.onRefresh(ServletWebServerApplicationContext.java:162) ~[spring-boot-3.2.5.jar:3.2.5]
	... 13 common frames omitted
Caused by: org.springframework.beans.factory.UnsatisfiedDependencyException: Error creating bean with name 'securityConfig' defined in file [C:\develop\work_springboot\ListenIt\bin\main\com\boot\config\SecurityConfig.class]: Unsatisfied dependency expressed through constructor parameter 0: Error creating bean with name 'customOAuth2UserService' defined in file [C:\develop\work_springboot\ListenIt\bin\main\com\boot\security\CustomOAuth2UserService.class]: Unsatisfied dependency expressed through constructor parameter 0: Error creating bean with name 'userService' defined in file [C:\develop\work_springboot\ListenIt\bin\main\com\boot\service\UserService.class]: Unsatisfied dependency expressed through constructor parameter 1: Error creating bean with name 'appConfig': Injection of autowired dependencies failed
	at org.springframework.beans.factory.support.ConstructorResolver.createArgumentArray(ConstructorResolver.java:795) ~[spring-beans-6.1.6.jar:6.1.6]
	at org.springframework.beans.factory.support.ConstructorResolver.autowireConstructor(ConstructorResolver.java:237) ~[spring-beans-6.1.6.jar:6.1.6]
	at org.springframework.beans.factory.support.AbstractAutowireCapableBeanFactory.autowireConstructor(AbstractAutowireCapableBeanFactory.java:1355) ~[spring-beans-6.1.6.jar:6.1.6]
	at org.springframework.beans.factory.support.AbstractAutowireCapableBeanFactory.createBeanInstance(AbstractAutowireCapableBeanFactory.java:1192) ~[spring-beans-6.1.6.jar:6.1.6]
	at org.springframework.beans.factory.support.AbstractAutowireCapableBeanFactory.doCreateBean(AbstractAutowireCapableBeanFactory.java:562) ~[spring-beans-6.1.6.jar:6.1.6]
	at org.springframework.beans.factory.support.AbstractAutowireCapableBeanFactory.createBean(AbstractAutowireCapableBeanFactory.java:522) ~[spring-beans-6.1.6.jar:6.1.6]
	at org.springframework.beans.factory.support.AbstractBeanFactory.lambda$doGetBean$0(AbstractBeanFactory.java:326) ~[spring-beans-6.1.6.jar:6.1.6]
	at org.springframework.beans.factory.support.DefaultSingletonBeanRegistry.getSingleton(DefaultSingletonBeanRegistry.java:234) ~[spring-beans-6.1.6.jar:6.1.6]
	at org.springframework.beans.factory.support.AbstractBeanFactory.doGetBean(AbstractBeanFactory.java:324) ~[spring-beans-6.1.6.jar:6.1.6]
	at org.springframework.beans.factory.support.AbstractBeanFactory.getBean(AbstractBeanFactory.java:200) ~[spring-beans-6.1.6.jar:6.1.6]
	at org.springframework.beans.factory.support.ConstructorResolver.instantiateUsingFactoryMethod(ConstructorResolver.java:409) ~[spring-beans-6.1.6.jar:6.1.6]
	at org.springframework.beans.factory.support.AbstractAutowireCapableBeanFactory.instantiateUsingFactoryMethod(AbstractAutowireCapableBeanFactory.java:1335) ~[spring-beans-6.1.6.jar:6.1.6]
	at org.springframework.beans.factory.support.AbstractAutowireCapableBeanFactory.createBeanInstance(AbstractAutowireCapableBeanFactory.java:1165) ~[spring-beans-6.1.6.jar:6.1.6]
	at org.springframework.beans.factory.support.AbstractAutowireCapableBeanFactory.doCreateBean(AbstractAutowireCapableBeanFactory.java:562) ~[spring-beans-6.1.6.jar:6.1.6]
	at org.springframework.beans.factory.support.AbstractAutowireCapableBeanFactory.createBean(AbstractAutowireCapableBeanFactory.java:522) ~[spring-beans-6.1.6.jar:6.1.6]
	at org.springframework.beans.factory.support.AbstractBeanFactory.lambda$doGetBean$0(AbstractBeanFactory.java:326) ~[spring-beans-6.1.6.jar:6.1.6]
	at org.springframework.beans.factory.support.DefaultSingletonBeanRegistry.getSingleton(DefaultSingletonBeanRegistry.java:234) ~[spring-beans-6.1.6.jar:6.1.6]
	at org.springframework.beans.factory.support.AbstractBeanFactory.doGetBean(AbstractBeanFactory.java:324) ~[spring-beans-6.1.6.jar:6.1.6]
	at org.springframework.beans.factory.support.AbstractBeanFactory.getBean(AbstractBeanFactory.java:205) ~[spring-beans-6.1.6.jar:6.1.6]
	at org.springframework.boot.web.servlet.ServletContextInitializerBeans.getOrderedBeansOfType(ServletContextInitializerBeans.java:210) ~[spring-boot-3.2.5.jar:3.2.5]
	at org.springframework.boot.web.servlet.ServletContextInitializerBeans.addAsRegistrationBean(ServletContextInitializerBeans.java:173) ~[spring-boot-3.2.5.jar:3.2.5]
	at org.springframework.boot.web.servlet.ServletContextInitializerBeans.addAsRegistrationBean(ServletContextInitializerBeans.java:168) ~[spring-boot-3.2.5.jar:3.2.5]
	at org.springframework.boot.web.servlet.ServletContextInitializerBeans.addAdaptableBeans(ServletContextInitializerBeans.java:153) ~[spring-boot-3.2.5.jar:3.2.5]
	at org.springframework.boot.web.servlet.ServletContextInitializerBeans.<init>(ServletContextInitializerBeans.java:86) ~[spring-boot-3.2.5.jar:3.2.5]
	at org.springframework.boot.web.servlet.context.ServletWebServerApplicationContext.getServletContextInitializerBeans(ServletWebServerApplicationContext.java:266) ~[spring-boot-3.2.5.jar:3.2.5]
	at org.springframework.boot.web.servlet.context.ServletWebServerApplicationContext.selfInitialize(ServletWebServerApplicationContext.java:240) ~[spring-boot-3.2.5.jar:3.2.5]
	at org.springframework.boot.web.embedded.tomcat.TomcatStarter.onStartup(TomcatStarter.java:52) ~[spring-boot-3.2.5.jar:3.2.5]
	at org.apache.catalina.core.StandardContext.startInternal(StandardContext.java:4880) ~[tomcat-embed-core-10.1.20.jar:10.1.20]
	at org.apache.catalina.util.LifecycleBase.start(LifecycleBase.java:171) ~[tomcat-embed-core-10.1.20.jar:10.1.20]
	at org.apache.catalina.core.ContainerBase$StartChild.call(ContainerBase.java:1332) ~[tomcat-embed-core-10.1.20.jar:10.1.20]
	at org.apache.catalina.core.ContainerBase$StartChild.call(ContainerBase.java:1322) ~[tomcat-embed-core-10.1.20.jar:10.1.20]
	at java.base/java.util.concurrent.FutureTask.run(FutureTask.java:264) ~[na:na]
	at org.apache.tomcat.util.threads.InlineExecutorService.execute(InlineExecutorService.java:75) ~[tomcat-embed-core-10.1.20.jar:10.1.20]
	at java.base/java.util.concurrent.AbstractExecutorService.submit(AbstractExecutorService.java:145) ~[na:na]
	at org.apache.catalina.core.ContainerBase.startInternal(ContainerBase.java:866) ~[tomcat-embed-core-10.1.20.jar:10.1.20]
	at org.apache.catalina.core.StandardHost.startInternal(StandardHost.java:845) ~[tomcat-embed-core-10.1.20.jar:10.1.20]
	at org.apache.catalina.util.LifecycleBase.start(LifecycleBase.java:171) ~[tomcat-embed-core-10.1.20.jar:10.1.20]
	at org.apache.catalina.core.ContainerBase$StartChild.call(ContainerBase.java:1332) ~[tomcat-embed-core-10.1.20.jar:10.1.20]
	at org.apache.catalina.core.ContainerBase$StartChild.call(ContainerBase.java:1322) ~[tomcat-embed-core-10.1.20.jar:10.1.20]
	at java.base/java.util.concurrent.FutureTask.run(FutureTask.java:264) ~[na:na]
	at org.apache.tomcat.util.threads.InlineExecutorService.execute(InlineExecutorService.java:75) ~[tomcat-embed-core-10.1.20.jar:10.1.20]
	at java.base/java.util.concurrent.AbstractExecutorService.submit(AbstractExecutorService.java:145) ~[na:na]
	at org.apache.catalina.core.ContainerBase.startInternal(ContainerBase.java:866) ~[tomcat-embed-core-10.1.20.jar:10.1.20]
	at org.apache.catalina.core.StandardEngine.startInternal(StandardEngine.java:240) ~[tomcat-embed-core-10.1.20.jar:10.1.20]
	at org.apache.catalina.util.LifecycleBase.start(LifecycleBase.java:171) ~[tomcat-embed-core-10.1.20.jar:10.1.20]
	at org.apache.catalina.core.StandardService.startInternal(StandardService.java:433) ~[tomcat-embed-core-10.1.20.jar:10.1.20]
	at org.apache.catalina.util.LifecycleBase.start(LifecycleBase.java:171) ~[tomcat-embed-core-10.1.20.jar:10.1.20]
	at org.apache.catalina.core.StandardServer.startInternal(StandardServer.java:921) ~[tomcat-embed-core-10.1.20.jar:10.1.20]
	at org.apache.catalina.util.LifecycleBase.start(LifecycleBase.java:171) ~[tomcat-embed-core-10.1.20.jar:10.1.20]
	at org.apache.catalina.startup.Tomcat.start(Tomcat.java:437) ~[tomcat-embed-core-10.1.20.jar:10.1.20]
	at org.springframework.boot.web.embedded.tomcat.TomcatWebServer.initialize(TomcatWebServer.java:126) ~[spring-boot-3.2.5.jar:3.2.5]
	... 18 common frames omitted
Caused by: org.springframework.beans.factory.UnsatisfiedDependencyException: Error creating bean with name 'customOAuth2UserService' defined in file [C:\develop\work_springboot\ListenIt\bin\main\com\boot\security\CustomOAuth2UserService.class]: Unsatisfied dependency expressed through constructor parameter 0: Error creating bean with name 'userService' defined in file [C:\develop\work_springboot\ListenIt\bin\main\com\boot\service\UserService.class]: Unsatisfied dependency expressed through constructor parameter 1: Error creating bean with name 'appConfig': Injection of autowired dependencies failed
	at org.springframework.beans.factory.support.ConstructorResolver.createArgumentArray(ConstructorResolver.java:795) ~[spring-beans-6.1.6.jar:6.1.6]
	at org.springframework.beans.factory.support.ConstructorResolver.autowireConstructor(ConstructorResolver.java:237) ~[spring-beans-6.1.6.jar:6.1.6]
	at org.springframework.beans.factory.support.AbstractAutowireCapableBeanFactory.autowireConstructor(AbstractAutowireCapableBeanFactory.java:1355) ~[spring-beans-6.1.6.jar:6.1.6]
	at org.springframework.beans.factory.support.AbstractAutowireCapableBeanFactory.createBeanInstance(AbstractAutowireCapableBeanFactory.java:1192) ~[spring-beans-6.1.6.jar:6.1.6]
	at org.springframework.beans.factory.support.AbstractAutowireCapableBeanFactory.doCreateBean(AbstractAutowireCapableBeanFactory.java:562) ~[spring-beans-6.1.6.jar:6.1.6]
	at org.springframework.beans.factory.support.AbstractAutowireCapableBeanFactory.createBean(AbstractAutowireCapableBeanFactory.java:522) ~[spring-beans-6.1.6.jar:6.1.6]
	at org.springframework.beans.factory.support.AbstractBeanFactory.lambda$doGetBean$0(AbstractBeanFactory.java:326) ~[spring-beans-6.1.6.jar:6.1.6]
	at org.springframework.beans.factory.support.DefaultSingletonBeanRegistry.getSingleton(DefaultSingletonBeanRegistry.java:234) ~[spring-beans-6.1.6.jar:6.1.6]
	at org.springframework.beans.factory.support.AbstractBeanFactory.doGetBean(AbstractBeanFactory.java:324) ~[spring-beans-6.1.6.jar:6.1.6]
	at org.springframework.beans.factory.support.AbstractBeanFactory.getBean(AbstractBeanFactory.java:200) ~[spring-beans-6.1.6.jar:6.1.6]
	at org.springframework.beans.factory.config.DependencyDescriptor.resolveCandidate(DependencyDescriptor.java:254) ~[spring-beans-6.1.6.jar:6.1.6]
	at org.springframework.beans.factory.support.DefaultListableBeanFactory.doResolveDependency(DefaultListableBeanFactory.java:1443) ~[spring-beans-6.1.6.jar:6.1.6]
	at org.springframework.beans.factory.support.DefaultListableBeanFactory.resolveDependency(DefaultListableBeanFactory.java:1353) ~[spring-beans-6.1.6.jar:6.1.6]
	at org.springframework.beans.factory.support.ConstructorResolver.resolveAutowiredArgument(ConstructorResolver.java:904) ~[spring-beans-6.1.6.jar:6.1.6]
	at org.springframework.beans.factory.support.ConstructorResolver.createArgumentArray(ConstructorResolver.java:782) ~[spring-beans-6.1.6.jar:6.1.6]
	... 68 common frames omitted
Caused by: org.springframework.beans.factory.UnsatisfiedDependencyException: Error creating bean with name 'userService' defined in file [C:\develop\work_springboot\ListenIt\bin\main\com\boot\service\UserService.class]: Unsatisfied dependency expressed through constructor parameter 1: Error creating bean with name 'appConfig': Injection of autowired dependencies failed
	at org.springframework.beans.factory.support.ConstructorResolver.createArgumentArray(ConstructorResolver.java:795) ~[spring-beans-6.1.6.jar:6.1.6]
	at org.springframework.beans.factory.support.ConstructorResolver.autowireConstructor(ConstructorResolver.java:237) ~[spring-beans-6.1.6.jar:6.1.6]
	at org.springframework.beans.factory.support.AbstractAutowireCapableBeanFactory.autowireConstructor(AbstractAutowireCapableBeanFactory.java:1355) ~[spring-beans-6.1.6.jar:6.1.6]
	at org.springframework.beans.factory.support.AbstractAutowireCapableBeanFactory.createBeanInstance(AbstractAutowireCapableBeanFactory.java:1192) ~[spring-beans-6.1.6.jar:6.1.6]
	at org.springframework.beans.factory.support.AbstractAutowireCapableBeanFactory.doCreateBean(AbstractAutowireCapableBeanFactory.java:562) ~[spring-beans-6.1.6.jar:6.1.6]
	at org.springframework.beans.factory.support.AbstractAutowireCapableBeanFactory.createBean(AbstractAutowireCapableBeanFactory.java:522) ~[spring-beans-6.1.6.jar:6.1.6]
	at org.springframework.beans.factory.support.AbstractBeanFactory.lambda$doGetBean$0(AbstractBeanFactory.java:326) ~[spring-beans-6.1.6.jar:6.1.6]
	at org.springframework.beans.factory.support.DefaultSingletonBeanRegistry.getSingleton(DefaultSingletonBeanRegistry.java:234) ~[spring-beans-6.1.6.jar:6.1.6]
	at org.springframework.beans.factory.support.AbstractBeanFactory.doGetBean(AbstractBeanFactory.java:324) ~[spring-beans-6.1.6.jar:6.1.6]
	at org.springframework.beans.factory.support.AbstractBeanFactory.getBean(AbstractBeanFactory.java:200) ~[spring-beans-6.1.6.jar:6.1.6]
	at org.springframework.beans.factory.config.DependencyDescriptor.resolveCandidate(DependencyDescriptor.java:254) ~[spring-beans-6.1.6.jar:6.1.6]
	at org.springframework.beans.factory.support.DefaultListableBeanFactory.doResolveDependency(DefaultListableBeanFactory.java:1443) ~[spring-beans-6.1.6.jar:6.1.6]
	at org.springframework.beans.factory.support.DefaultListableBeanFactory.resolveDependency(DefaultListableBeanFactory.java:1353) ~[spring-beans-6.1.6.jar:6.1.6]
	at org.springframework.beans.factory.support.ConstructorResolver.resolveAutowiredArgument(ConstructorResolver.java:904) ~[spring-beans-6.1.6.jar:6.1.6]
	at org.springframework.beans.factory.support.ConstructorResolver.createArgumentArray(ConstructorResolver.java:782) ~[spring-beans-6.1.6.jar:6.1.6]
	... 82 common frames omitted
Caused by: org.springframework.beans.factory.BeanCreationException: Error creating bean with name 'appConfig': Injection of autowired dependencies failed
	at org.springframework.beans.factory.annotation.AutowiredAnnotationBeanPostProcessor.postProcessProperties(AutowiredAnnotationBeanPostProcessor.java:514) ~[spring-beans-6.1.6.jar:6.1.6]
	at org.springframework.beans.factory.support.AbstractAutowireCapableBeanFactory.populateBean(AbstractAutowireCapableBeanFactory.java:1419) ~[spring-beans-6.1.6.jar:6.1.6]
	at org.springframework.beans.factory.support.AbstractAutowireCapableBeanFactory.doCreateBean(AbstractAutowireCapableBeanFactory.java:599) ~[spring-beans-6.1.6.jar:6.1.6]
	at org.springframework.beans.factory.support.AbstractAutowireCapableBeanFactory.createBean(AbstractAutowireCapableBeanFactory.java:522) ~[spring-beans-6.1.6.jar:6.1.6]
	at org.springframework.beans.factory.support.AbstractBeanFactory.lambda$doGetBean$0(AbstractBeanFactory.java:326) ~[spring-beans-6.1.6.jar:6.1.6]
	at org.springframework.beans.factory.support.DefaultSingletonBeanRegistry.getSingleton(DefaultSingletonBeanRegistry.java:234) ~[spring-beans-6.1.6.jar:6.1.6]
	at org.springframework.beans.factory.support.AbstractBeanFactory.doGetBean(AbstractBeanFactory.java:324) ~[spring-beans-6.1.6.jar:6.1.6]
	at org.springframework.beans.factory.support.AbstractBeanFactory.getBean(AbstractBeanFactory.java:200) ~[spring-beans-6.1.6.jar:6.1.6]
	at org.springframework.beans.factory.support.ConstructorResolver.instantiateUsingFactoryMethod(ConstructorResolver.java:409) ~[spring-beans-6.1.6.jar:6.1.6]
	at org.springframework.beans.factory.support.AbstractAutowireCapableBeanFactory.instantiateUsingFactoryMethod(AbstractAutowireCapableBeanFactory.java:1335) ~[spring-beans-6.1.6.jar:6.1.6]
	at org.springframework.beans.factory.support.AbstractAutowireCapableBeanFactory.createBeanInstance(AbstractAutowireCapableBeanFactory.java:1165) ~[spring-beans-6.1.6.jar:6.1.6]
	at org.springframework.beans.factory.support.AbstractAutowireCapableBeanFactory.doCreateBean(AbstractAutowireCapableBeanFactory.java:562) ~[spring-beans-6.1.6.jar:6.1.6]
	at org.springframework.beans.factory.support.AbstractAutowireCapableBeanFactory.createBean(AbstractAutowireCapableBeanFactory.java:522) ~[spring-beans-6.1.6.jar:6.1.6]
	at org.springframework.beans.factory.support.AbstractBeanFactory.lambda$doGetBean$0(AbstractBeanFactory.java:326) ~[spring-beans-6.1.6.jar:6.1.6]
	at org.springframework.beans.factory.support.DefaultSingletonBeanRegistry.getSingleton(DefaultSingletonBeanRegistry.java:234) ~[spring-beans-6.1.6.jar:6.1.6]
	at org.springframework.beans.factory.support.AbstractBeanFactory.doGetBean(AbstractBeanFactory.java:324) ~[spring-beans-6.1.6.jar:6.1.6]
	at org.springframework.beans.factory.support.AbstractBeanFactory.getBean(AbstractBeanFactory.java:200) ~[spring-beans-6.1.6.jar:6.1.6]
	at org.springframework.beans.factory.config.DependencyDescriptor.resolveCandidate(DependencyDescriptor.java:254) ~[spring-beans-6.1.6.jar:6.1.6]
	at org.springframework.beans.factory.support.DefaultListableBeanFactory.doResolveDependency(DefaultListableBeanFactory.java:1443) ~[spring-beans-6.1.6.jar:6.1.6]
	at org.springframework.beans.factory.support.DefaultListableBeanFactory.resolveDependency(DefaultListableBeanFactory.java:1353) ~[spring-beans-6.1.6.jar:6.1.6]
	at org.springframework.beans.factory.support.ConstructorResolver.resolveAutowiredArgument(ConstructorResolver.java:904) ~[spring-beans-6.1.6.jar:6.1.6]
	at org.springframework.beans.factory.support.ConstructorResolver.createArgumentArray(ConstructorResolver.java:782) ~[spring-beans-6.1.6.jar:6.1.6]
	... 96 common frames omitted
Caused by: java.lang.IllegalArgumentException: Could not resolve placeholder 'spring.mail.host' in value "${spring.mail.host}"
	at org.springframework.util.PropertyPlaceholderHelper.parseStringValue(PropertyPlaceholderHelper.java:180) ~[spring-core-6.1.6.jar:6.1.6]
	at org.springframework.util.PropertyPlaceholderHelper.replacePlaceholders(PropertyPlaceholderHelper.java:126) ~[spring-core-6.1.6.jar:6.1.6]
	at org.springframework.core.env.AbstractPropertyResolver.doResolvePlaceholders(AbstractPropertyResolver.java:239) ~[spring-core-6.1.6.jar:6.1.6]
	at org.springframework.core.env.AbstractPropertyResolver.resolveRequiredPlaceholders(AbstractPropertyResolver.java:210) ~[spring-core-6.1.6.jar:6.1.6]
	at org.springframework.context.support.PropertySourcesPlaceholderConfigurer.lambda$processProperties$0(PropertySourcesPlaceholderConfigurer.java:200) ~[spring-context-6.1.6.jar:6.1.6]
	at org.springframework.beans.factory.support.AbstractBeanFactory.resolveEmbeddedValue(AbstractBeanFactory.java:953) ~[spring-beans-6.1.6.jar:6.1.6]
	at org.springframework.beans.factory.support.DefaultListableBeanFactory.doResolveDependency(DefaultListableBeanFactory.java:1374) ~[spring-beans-6.1.6.jar:6.1.6]
	at org.springframework.beans.factory.support.DefaultListableBeanFactory.resolveDependency(DefaultListableBeanFactory.java:1353) ~[spring-beans-6.1.6.jar:6.1.6]
	at org.springframework.beans.factory.annotation.AutowiredAnnotationBeanPostProcessor$AutowiredFieldElement.resolveFieldValue(AutowiredAnnotationBeanPostProcessor.java:784) ~[spring-beans-6.1.6.jar:6.1.6]
	at org.springframework.beans.factory.annotation.AutowiredAnnotationBeanPostProcessor$AutowiredFieldElement.inject(AutowiredAnnotationBeanPostProcessor.java:767) ~[spring-beans-6.1.6.jar:6.1.6]
	at org.springframework.beans.factory.annotation.InjectionMetadata.inject(InjectionMetadata.java:145) ~[spring-beans-6.1.6.jar:6.1.6]
	at org.springframework.beans.factory.annotation.AutowiredAnnotationBeanPostProcessor.postProcessProperties(AutowiredAnnotationBeanPostProcessor.java:508) ~[spring-beans-6.1.6.jar:6.1.6]
	... 117 common frames omitted

